<?xml version="1.0" encoding="UTF-8"?>
<!-- Generated by org.testng.reporters.JUnitReportReporter -->
<testsuite hostname="Aceraspire7" failures="0" tests="1" name="shoesbrand.Adidas" time="7.666" errors="0" timestamp="2024-05-09T20:50:16 IST" skipped="0">
  <testcase classname="shoesbrand.Adidas" name="adidas" time="7.666"/>
</testsuite> <!-- shoesbrand.Adidas -->
