<?xml version="1.0" encoding="UTF-8"?>
<!-- Generated by org.testng.reporters.JUnitReportReporter -->
<testsuite hostname="Aceraspire7" failures="0" tests="1" name="basic.DemoWebShopTask1" time="8.534" errors="0" timestamp="2024-05-13T15:25:38 IST" skipped="0">
  <testcase classname="basic.DemoWebShopTask1" name="giftCard" time="8.534"/>
</testsuite> <!-- basic.DemoWebShopTask1 -->
