<?xml version="1.0" encoding="UTF-8"?>
<!-- Generated by org.testng.reporters.JUnitReportReporter -->
<testsuite hostname="Aceraspire7" failures="0" tests="1" name="listeners.SearchProducts" time="12.461" errors="0" timestamp="2024-05-27T09:51:50 IST" skipped="0">
  <testcase classname="listeners.SearchProducts" name="searchProducts" time="12.461"/>
</testsuite> <!-- listeners.SearchProducts -->
