<?xml version="1.0" encoding="UTF-8"?>
<!-- Generated by org.testng.reporters.JUnitReportReporter -->
<testsuite hostname="Aceraspire7" failures="0" tests="1" name="pageobjectmodel.LoginDws" time="15.759" errors="0" timestamp="2024-05-27T12:09:23 IST" skipped="0">
  <testcase classname="pageobjectmodel.LoginDws" name="login" time="15.759"/>
</testsuite> <!-- pageobjectmodel.LoginDws -->
