<?xml version="1.0" encoding="UTF-8"?>
<!-- Generated by org.testng.reporters.JUnitReportReporter -->
<testsuite hostname="Aceraspire7" failures="0" tests="1" name="shoesbrand.Reebok" time="10.205" errors="0" timestamp="2024-05-09T20:57:15 IST" skipped="0">
  <testcase classname="shoesbrand.Reebok" name="reebok" time="10.205"/>
</testsuite> <!-- shoesbrand.Reebok -->
