<?xml version="1.0" encoding="UTF-8"?>
<!-- Generated by org.testng.reporters.JUnitReportReporter -->
<testsuite hostname="Aceraspire7" failures="0" tests="1" name="watchbrand.Fossial" time="5.674" errors="0" timestamp="2024-05-10T15:29:14 IST" skipped="0">
  <testcase classname="watchbrand.Fossial" name="fossial" time="5.674"/>
</testsuite> <!-- watchbrand.Fossial -->
