<?xml version="1.0" encoding="UTF-8"?>
<!-- Generated by org.testng.reporters.JUnitReportReporter -->
<testsuite hostname="Aceraspire7" failures="0" tests="1" name="basic.DemoWebShopTask3" time="8.567" errors="0" timestamp="2024-05-13T15:28:46 IST" skipped="0">
  <testcase classname="basic.DemoWebShopTask3" name="search" time="8.567"/>
</testsuite> <!-- basic.DemoWebShopTask3 -->
