<?xml version="1.0" encoding="UTF-8"?>
<!-- Generated by org.testng.reporters.JUnitReportReporter -->
<testsuite hostname="Aceraspire7" failures="0" tests="1" name="listeners.NetworkFailure" time="2.039" errors="0" timestamp="2024-05-29T10:24:54 IST" skipped="0">
  <testcase classname="listeners.NetworkFailure" name="searchProducts" time="2.039"/>
</testsuite> <!-- listeners.NetworkFailure -->
