<?xml version="1.0" encoding="UTF-8"?>
<!-- Generated by org.testng.reporters.JUnitReportReporter -->
<testsuite hostname="Aceraspire7" failures="0" tests="2" name="datadriven.DataProviderBasic" time="26.408" errors="0" timestamp="2024-05-17T10:17:43 IST" skipped="0">
  <testcase classname="datadriven.DataProviderBasic" name="reciever" time="13.239"/>
  <testcase classname="datadriven.DataProviderBasic" name="reciever" time="13.169"/>
</testsuite> <!-- datadriven.DataProviderBasic -->
