<?xml version="1.0" encoding="UTF-8"?>
<!-- Generated by org.testng.reporters.JUnitReportReporter -->
<testsuite hostname="Aceraspire7" failures="0" tests="1" name="watchbrand.Sonata" time="8.883" errors="0" timestamp="2024-05-09T21:14:56 IST" skipped="0">
  <testcase classname="watchbrand.Sonata" name="sonat" time="8.883"/>
</testsuite> <!-- watchbrand.Sonata -->
