<?xml version="1.0" encoding="UTF-8"?>
<!-- Generated by org.testng.reporters.JUnitReportReporter -->
<testsuite hostname="Aceraspire7" failures="0" tests="3" name="testNg.DependOnMethod" time="10.996" errors="0" timestamp="2024-05-16T12:54:17 IST" skipped="0">
  <testcase classname="testNg.DependOnMethod" name="modifyAccount" time="2.275"/>
  <testcase classname="testNg.DependOnMethod" name="deleteAccount" time="5.478"/>
  <testcase classname="testNg.DependOnMethod" name="createAccount" time="3.243"/>
</testsuite> <!-- testNg.DependOnMethod -->
