<?xml version="1.0" encoding="UTF-8"?>
<!-- Generated by org.testng.reporters.JUnitReportReporter -->
<testsuite hostname="Aceraspire7" failures="0" tests="1" name="shoesbrand.Puma" time="6.813" errors="0" timestamp="2024-05-10T15:23:11 IST" skipped="0">
  <testcase classname="shoesbrand.Puma" name="puma" time="6.813"/>
</testsuite> <!-- shoesbrand.Puma -->
