<?xml version="1.0" encoding="UTF-8"?>
<!-- Generated by org.testng.reporters.JUnitReportReporter -->
<testsuite hostname="Aceraspire7" failures="0" tests="1" name="datadriven.OddAndEvenReadData" time="0.368" errors="0" timestamp="2024-05-15T11:03:44 IST" skipped="0">
  <testcase classname="datadriven.OddAndEvenReadData" name="readFor" time="0.368"/>
</testsuite> <!-- datadriven.OddAndEvenReadData -->
