<?xml version="1.0" encoding="UTF-8"?>
<!-- Generated by org.testng.reporters.JUnitReportReporter -->
<testsuite hostname="Aceraspire7" failures="0" tests="1" name="watchbrand.Fasttrack" time="9.100" errors="0" timestamp="2024-05-09T21:12:54 IST" skipped="0">
  <testcase classname="watchbrand.Fasttrack" name="fasttrack" time="9.100"/>
</testsuite> <!-- watchbrand.Fasttrack -->
