<?xml version="1.0" encoding="UTF-8"?>
<!-- Generated by org.testng.reporters.JUnitReportReporter -->
<testsuite hostname="Aceraspire7" failures="0" tests="1" name="datadriven.ReadDataFromPropertiesFile" time="19.587" errors="0" timestamp="2024-05-18T15:13:08 IST" skipped="0">
  <testcase classname="datadriven.ReadDataFromPropertiesFile" name="readData" time="19.587"/>
</testsuite> <!-- datadriven.ReadDataFromPropertiesFile -->
