<?xml version="1.0" encoding="UTF-8"?>
<!-- Generated by org.testng.reporters.JUnitReportReporter -->
<testsuite hostname="Aceraspire7" failures="0" tests="1" name="parameter.ShopperStack" time="30.220" errors="0" timestamp="2024-05-20T10:53:09 IST" skipped="0">
  <testcase classname="parameter.ShopperStack" name="shopperLogin" time="30.220"/>
</testsuite> <!-- parameter.ShopperStack -->
