<?xml version="1.0" encoding="UTF-8"?>
<!-- Generated by org.testng.reporters.JUnitReportReporter -->
<testsuite hostname="Aceraspire7" failures="0" tests="1" name="shoesbrand.Redtape" time="8.034" errors="0" timestamp="2024-05-09T20:54:37 IST" skipped="0">
  <testcase classname="shoesbrand.Redtape" name="redtape" time="8.034"/>
</testsuite> <!-- shoesbrand.Redtape -->
