<?xml version="1.0" encoding="UTF-8"?>
<!-- Generated by org.testng.reporters.JUnitReportReporter -->
<testsuite hostname="Aceraspire7" failures="0" tests="1" name="datadriven.ReadDataFromExcel" time="0.637" errors="0" timestamp="2024-05-14T12:49:05 IST" skipped="0">
  <testcase classname="datadriven.ReadDataFromExcel" name="readData" time="0.637"/>
</testsuite> <!-- datadriven.ReadDataFromExcel -->
