<?xml version="1.0" encoding="UTF-8"?>
<!-- Generated by org.testng.reporters.JUnitReportReporter -->
<testsuite hostname="Aceraspire7" failures="0" tests="1" name="basic.ChronologicalOrder" time="0.008" errors="0" timestamp="2024-05-10T16:19:21 IST" skipped="0">
  <testcase classname="basic.ChronologicalOrder" name="testCase2" time="0.008"/>
</testsuite> <!-- basic.ChronologicalOrder -->
