<?xml version="1.0" encoding="UTF-8"?>
<!-- Generated by org.testng.reporters.JUnitReportReporter -->
<testsuite hostname="Aceraspire7" failures="0" tests="1" name="basic.DemoWebShopTask" time="5.339" errors="0" timestamp="2024-05-11T12:44:51 IST" skipped="0">
  <testcase classname="basic.DemoWebShopTask" name="add" time="5.339"/>
</testsuite> <!-- basic.DemoWebShopTask -->
