<?xml version="1.0" encoding="UTF-8"?>
<!-- Generated by org.testng.reporters.JUnitReportReporter -->
<testsuite hostname="Aceraspire7" failures="0" tests="1" name="watchbrand.Titan" time="3.129" errors="0" timestamp="2024-05-09T21:11:58 IST" skipped="0">
  <testcase classname="watchbrand.Titan" name="titan" time="3.129"/>
</testsuite> <!-- watchbrand.Titan -->
