<?xml version="1.0" encoding="UTF-8"?>
<!-- Generated by org.testng.reporters.JUnitReportReporter -->
<testsuite hostname="Aceraspire7" failures="0" tests="4" name="basic.LaunchExecution" time="63.240" errors="0" timestamp="2024-05-09T12:56:19 IST" skipped="0">
  <testcase classname="basic.LaunchExecution" name="csk" time="21.298"/>
  <testcase classname="basic.LaunchExecution" name="mumbai" time="28.182"/>
  <testcase classname="basic.LaunchExecution" name="rcb" time="6.710"/>
  <testcase classname="basic.LaunchExecution" name="demo" time="7.050"/>
</testsuite> <!-- basic.LaunchExecution -->
