<?xml version="1.0" encoding="UTF-8"?>
<!-- Generated by org.testng.reporters.JUnitReportReporter -->
<testsuite hostname="Aceraspire7" failures="0" tests="1" name="listeners.AddToCart" time="11.379" errors="0" timestamp="2024-05-25T11:17:55 IST" skipped="0">
  <testcase classname="listeners.AddToCart" name="addToCart" time="11.379"/>
</testsuite> <!-- listeners.AddToCart -->
