<?xml version="1.0" encoding="UTF-8"?>
<!-- Generated by org.testng.reporters.JUnitReportReporter -->
<testsuite hostname="Aceraspire7" failures="0" tests="1" name="extentreport.SampleReport" time="0.444" errors="0" timestamp="2024-05-30T11:19:59 IST" skipped="0">
  <testcase classname="extentreport.SampleReport" name="launchTheReport" time="0.444"/>
</testsuite> <!-- extentreport.SampleReport -->
