<?xml version="1.0" encoding="UTF-8"?>
<!-- Generated by org.testng.reporters.JUnitReportReporter -->
<testsuite hostname="Aceraspire7" failures="0" tests="5" name="testNg.HelperMethods" time="155.732" errors="0" timestamp="2024-05-16T12:35:19 IST" skipped="0">
  <testcase classname="testNg.HelperMethods" name="mumbai" time="10.099"/>
  <testcase classname="testNg.HelperMethods" name="demo" time="5.418"/>
  <testcase classname="testNg.HelperMethods" name="rcb" time="39.116"/>
  <testcase classname="testNg.HelperMethods" name="csk" time="47.144"/>
  <testcase classname="testNg.HelperMethods" name="csk" time="53.955"/>
</testsuite> <!-- testNg.HelperMethods -->
