<?xml version="1.0" encoding="UTF-8"?>
<!-- Generated by org.testng.reporters.JUnitReportReporter -->
<testsuite hostname="Aceraspire7" failures="0" tests="1" name="parameter.OpenLinks" time="19.578" errors="0" timestamp="2024-05-22T08:49:34 IST" skipped="0">
  <testcase classname="parameter.OpenLinks" name="openLinks" time="19.578"/>
</testsuite> <!-- parameter.OpenLinks -->
