<?xml version="1.0" encoding="UTF-8"?>
<!-- Generated by org.testng.reporters.JUnitReportReporter -->
<testsuite hostname="Aceraspire7" failures="0" tests="1" name="shoesbrand.Asics" time="9.124" errors="0" timestamp="2024-05-09T20:59:58 IST" skipped="0">
  <testcase classname="shoesbrand.Asics" name="asics" time="9.124"/>
</testsuite> <!-- shoesbrand.Asics -->
