<?xml version="1.0" encoding="UTF-8"?>
<!-- Generated by org.testng.reporters.JUnitReportReporter -->
<testsuite hostname="Aceraspire7" failures="0" tests="1" name="datadriven.Tshirts" time="35.991" errors="0" timestamp="2024-05-19T13:08:48 IST" skipped="0">
  <testcase classname="datadriven.Tshirts" name="addProduct" time="35.991"/>
</testsuite> <!-- datadriven.Tshirts -->
