<?xml version="1.0" encoding="UTF-8"?>
<!-- Generated by org.testng.reporters.JUnitReportReporter -->
<testsuite hostname="Aceraspire7" failures="0" tests="1" name="parameter.CrossBrowserTesting" time="26.346" errors="0" timestamp="2024-05-20T12:04:36 IST" skipped="0">
  <testcase classname="parameter.CrossBrowserTesting" name="crossBrowser" time="26.346"/>
</testsuite> <!-- parameter.CrossBrowserTesting -->
