<?xml version="1.0" encoding="UTF-8"?>
<!-- Generated by org.testng.reporters.JUnitReportReporter -->
<testsuite hostname="Aceraspire7" failures="0" tests="1" name="datadriven.WriteDataToExcel" time="0.465" errors="0" timestamp="2024-05-29T10:25:47 IST" skipped="0">
  <testcase classname="datadriven.WriteDataToExcel" name="dataToExcel" time="0.465"/>
</testsuite> <!-- datadriven.WriteDataToExcel -->
